This is pdfTeX, Version 3.14159265-2.6-1.40.21 (TeX Live 2020) (preloaded format=pdflatex 2021.2.11)  30 MAR 2021 10:45
entering extended mode
 restricted \write18 enabled.
 file:line:error style messages enabled.
 %&-line parsing enabled.
**/Users/chopinic/Documents/archive.localized/0VIS/ARAnotation/paper/2021.VIS.ARLayout/arlayout
(/Users/chopinic/Documents/archive.localized/0VIS/ARAnotation/paper/2021.VIS.ARLayout/arlayout.tex
LaTeX2e <2020-02-02> patch level 5
L3 programming layer <2020-03-06> (./vgtc.cls
Document Class: vgtc 2006/05/21 IEEE VGTC
(/usr/local/texlive/2020/texmf-dist/tex/generic/iftex/ifpdf.sty
Package: ifpdf 2019/10/25 v3.4 ifpdf legacy package. Use iftex instead.
 (/usr/local/texlive/2020/texmf-dist/tex/generic/iftex/iftex.sty
Package: iftex 2020/03/06 v1.0d TeX engine tests
)) (/usr/local/texlive/2020/texmf-dist/tex/latex/base/article.cls
Document Class: article 2019/12/20 v1.4l Standard LaTeX document class
(/usr/local/texlive/2020/texmf-dist/tex/latex/base/size10.clo
File: size10.clo 2019/12/20 v1.4l Standard LaTeX file (size option)
)
\c@part=\count167
\c@section=\count168
\c@subsection=\count169
\c@subsubsection=\count170
\c@paragraph=\count171
\c@subparagraph=\count172
\c@figure=\count173
\c@table=\count174
\abovecaptionskip=\skip47
\belowcaptionskip=\skip48
\bibindent=\dimen134
)
\captionmargin=\skip49
\bibindent=\dimen135
\bibspacing=\dimen136
\titlespace=\skip50
\teaserspace=\skip51
\abstxtspace=\skip52
\vgtc@copyrightlength=\skip53
) (/usr/local/texlive/2020/texmf-dist/tex/latex/graphics/graphicx.sty
Package: graphicx 2019/11/30 v1.2a Enhanced LaTeX Graphics (DPC,SPQR)
 (/usr/local/texlive/2020/texmf-dist/tex/latex/graphics/keyval.sty
Package: keyval 2014/10/28 v1.15 key=value parser (DPC)
\KV@toks@=\toks15
) (/usr/local/texlive/2020/texmf-dist/tex/latex/graphics/graphics.sty
Package: graphics 2019/11/30 v1.4a Standard LaTeX Graphics (DPC,SPQR)
 (/usr/local/texlive/2020/texmf-dist/tex/latex/graphics/trig.sty
Package: trig 2016/01/03 v1.10 sin cos tan (DPC)
) (/usr/local/texlive/2020/texmf-dist/tex/latex/graphics-cfg/graphics.cfg
File: graphics.cfg 2016/06/04 v1.11 sample graphics configuration
)
Package graphics Info: Driver file: pdftex.def on input line 105.
 (/usr/local/texlive/2020/texmf-dist/tex/latex/graphics-def/pdftex.def
File: pdftex.def 2018/01/08 v1.0l Graphics/color driver for pdftex
))
\Gin@req@height=\dimen137
\Gin@req@width=\dimen138
) (/usr/local/texlive/2020/texmf-dist/tex/latex/microtype/microtype.sty
Package: microtype 2019/11/18 v2.7d Micro-typographical refinements (RS)
\MT@toks=\toks16
\MT@count=\count175
LaTeX Info: Redefining \textls on input line 790.
\MT@outer@kern=\dimen139
LaTeX Info: Redefining \textmicrotypecontext on input line 1354.
\MT@listname@count=\count176
 (/usr/local/texlive/2020/texmf-dist/tex/latex/microtype/microtype-pdftex.def
File: microtype-pdftex.def 2019/11/18 v2.7d Definitions specific to pdftex (RS)
LaTeX Info: Redefining \lsstyle on input line 914.
LaTeX Info: Redefining \lslig on input line 914.
\MT@outer@space=\skip54
)
Package microtype Info: Loading configuration file microtype.cfg.
 (/usr/local/texlive/2020/texmf-dist/tex/latex/microtype/microtype.cfg
File: microtype.cfg 2019/11/18 v2.7d microtype main configuration file (RS)
)) (/usr/local/texlive/2020/texmf-dist/tex/latex/base/textcomp.sty
Package: textcomp 2020/02/02 v2.0n Standard LaTeX package
) (/usr/local/texlive/2020/texmf-dist/tex/latex/listings/listings.sty
\lst@mode=\count177
\lst@gtempboxa=\box45
\lst@token=\toks17
\lst@length=\count178
\lst@currlwidth=\dimen140
\lst@column=\count179
\lst@pos=\count180
\lst@lostspace=\dimen141
\lst@width=\dimen142
\lst@newlines=\count181
\lst@lineno=\count182
\lst@maxwidth=\dimen143
 (/usr/local/texlive/2020/texmf-dist/tex/latex/listings/lstmisc.sty
File: lstmisc.sty 2020/03/24 1.8d (Carsten Heinz)
\c@lstnumber=\count183
\lst@skipnumbers=\count184
\lst@framebox=\box46
) (/usr/local/texlive/2020/texmf-dist/tex/latex/listings/listings.cfg
File: listings.cfg 2020/03/24 1.8d listings configuration
))
Package: listings 2020/03/24 1.8d (Carsten Heinz)
 (/usr/local/texlive/2020/texmf-dist/tex/latex/listingsutf8/listingsutf8.sty
Package: listingsutf8 2019-12-10 v1.5 Allow UTF-8 in listings input (HO)
 (/usr/local/texlive/2020/texmf-dist/tex/latex/pdftexcmds/pdftexcmds.sty
Package: pdftexcmds 2019/11/24 v0.31 Utility functions of pdfTeX for LuaTeX (HO)
 (/usr/local/texlive/2020/texmf-dist/tex/generic/infwarerr/infwarerr.sty
Package: infwarerr 2019/12/03 v1.5 Providing info/warning/error messages (HO)
) (/usr/local/texlive/2020/texmf-dist/tex/generic/ltxcmds/ltxcmds.sty
Package: ltxcmds 2019/12/15 v1.24 LaTeX kernel commands for general use (HO)
)
Package pdftexcmds Info: \pdf@primitive is available.
Package pdftexcmds Info: \pdf@ifprimitive is available.
Package pdftexcmds Info: \pdfdraftmode found.
) (/usr/local/texlive/2020/texmf-dist/tex/generic/stringenc/stringenc.sty
Package: stringenc 2019/11/29 v1.12 Convert strings between diff. encodings (HO)
 (/usr/local/texlive/2020/texmf-dist/tex/generic/pdfescape/pdfescape.sty
Package: pdfescape 2019/12/09 v1.15 Implements pdfTeX's escape features (HO)
))) (/usr/local/texlive/2020/texmf-dist/tex/latex/psnfss/mathptmx.sty
Package: mathptmx 2005/04/12 PSNFSS-v9.2a Times w/ Math, improved (SPQR, WaS) 
LaTeX Font Info:    Redeclaring symbol font `operators' on input line 28.
LaTeX Font Info:    Overwriting symbol font `operators' in version `normal'
(Font)                  OT1/cmr/m/n --> OT1/ztmcm/m/n on input line 28.
LaTeX Font Info:    Overwriting symbol font `operators' in version `bold'
(Font)                  OT1/cmr/bx/n --> OT1/ztmcm/m/n on input line 28.
LaTeX Font Info:    Redeclaring symbol font `letters' on input line 29.
LaTeX Font Info:    Overwriting symbol font `letters' in version `normal'
(Font)                  OML/cmm/m/it --> OML/ztmcm/m/it on input line 29.
LaTeX Font Info:    Overwriting symbol font `letters' in version `bold'
(Font)                  OML/cmm/b/it --> OML/ztmcm/m/it on input line 29.
LaTeX Font Info:    Redeclaring symbol font `symbols' on input line 30.
LaTeX Font Info:    Overwriting symbol font `symbols' in version `normal'
(Font)                  OMS/cmsy/m/n --> OMS/ztmcm/m/n on input line 30.
LaTeX Font Info:    Overwriting symbol font `symbols' in version `bold'
(Font)                  OMS/cmsy/b/n --> OMS/ztmcm/m/n on input line 30.
LaTeX Font Info:    Redeclaring symbol font `largesymbols' on input line 31.
LaTeX Font Info:    Overwriting symbol font `largesymbols' in version `normal'
(Font)                  OMX/cmex/m/n --> OMX/ztmcm/m/n on input line 31.
LaTeX Font Info:    Overwriting symbol font `largesymbols' in version `bold'
(Font)                  OMX/cmex/m/n --> OMX/ztmcm/m/n on input line 31.
\symbold=\mathgroup4
\symitalic=\mathgroup5
LaTeX Font Info:    Redeclaring math alphabet \mathbf on input line 34.
LaTeX Font Info:    Overwriting math alphabet `\mathbf' in version `normal'
(Font)                  OT1/cmr/bx/n --> OT1/ptm/bx/n on input line 34.
LaTeX Font Info:    Overwriting math alphabet `\mathbf' in version `bold'
(Font)                  OT1/cmr/bx/n --> OT1/ptm/bx/n on input line 34.
LaTeX Font Info:    Redeclaring math alphabet \mathit on input line 35.
LaTeX Font Info:    Overwriting math alphabet `\mathit' in version `normal'
(Font)                  OT1/cmr/m/it --> OT1/ptm/m/it on input line 35.
LaTeX Font Info:    Overwriting math alphabet `\mathit' in version `bold'
(Font)                  OT1/cmr/bx/it --> OT1/ptm/m/it on input line 35.
LaTeX Info: Redefining \hbar on input line 50.
) (/usr/local/texlive/2020/texmf-dist/tex/latex/psnfss/times.sty
Package: times 2005/04/12 PSNFSS-v9.2a (SPQR) 
) (/usr/local/texlive/2020/texmf-dist/tex/latex/cite/cite.sty
LaTeX Info: Redefining \cite on input line 302.
LaTeX Info: Redefining \nocite on input line 332.
Package: cite 2015/02/27  v 5.5
) (/usr/local/texlive/2020/texmf-dist/tex/latex/graphics/color.sty
Package: color 2019/11/23 v1.2a Standard LaTeX Color (DPC)
 (/usr/local/texlive/2020/texmf-dist/tex/latex/graphics-cfg/color.cfg
File: color.cfg 2016/01/02 v1.6 sample color configuration
)
Package color Info: Driver file: pdftex.def on input line 147.
) (/usr/local/texlive/2020/texmf-dist/tex/latex/xcolor/xcolor.sty
Package: xcolor 2016/05/11 v2.12 LaTeX color extensions (UK)
 (/usr/local/texlive/2020/texmf-dist/tex/latex/graphics-cfg/color.cfg
File: color.cfg 2016/01/02 v1.6 sample color configuration
)
Package xcolor Info: Driver file: pdftex.def on input line 225.
LaTeX Info: Redefining \color on input line 709.
Package xcolor Info: Model `cmy' substituted by `cmy0' on input line 1348.
Package xcolor Info: Model `hsb' substituted by `rgb' on input line 1352.
Package xcolor Info: Model `RGB' extended on input line 1364.
Package xcolor Info: Model `HTML' substituted by `rgb' on input line 1366.
Package xcolor Info: Model `Hsb' substituted by `hsb' on input line 1367.
Package xcolor Info: Model `tHsb' substituted by `hsb' on input line 1368.
Package xcolor Info: Model `HSB' substituted by `hsb' on input line 1369.
Package xcolor Info: Model `Gray' substituted by `gray' on input line 1370.
Package xcolor Info: Model `wave' substituted by `hsb' on input line 1371.
) (/usr/local/texlive/2020/texmf-dist/tex/latex/tabu/tabu.sty
Package: tabu 2019/01/11 v2.9 - flexible LaTeX tabulars (FC+tabu-fixed)
 (/usr/local/texlive/2020/texmf-dist/tex/latex/tools/array.sty
Package: array 2019/08/31 v2.4l Tabular extension package (FMi)
\col@sep=\dimen144
\ar@mcellbox=\box47
\extrarowheight=\dimen145
\NC@list=\toks18
\extratabsurround=\skip55
\backup@length=\skip56
\ar@cellbox=\box48
) (/usr/local/texlive/2020/texmf-dist/tex/latex/varwidth/varwidth.sty
Package: varwidth 2009/03/30 ver 0.92;  Variable-width minipages
\@vwid@box=\box49
\sift@deathcycles=\count185
\@vwid@loff=\dimen146
\@vwid@roff=\dimen147
)
\c@taburow=\count186
\tabu@nbcols=\count187
\tabu@cnt=\count188
\tabu@Xcol=\count189
\tabu@alloc=\count190
\tabu@nested=\count191
\tabu@target=\dimen148
\tabu@spreadtarget=\dimen149
\tabu@naturalX=\dimen150
\tabucolX=\dimen151
\tabu@Xsum=\dimen152
\extrarowdepth=\dimen153
\abovetabulinesep=\dimen154
\belowtabulinesep=\dimen155
\tabustrutrule=\dimen156
\tabu@thebody=\toks19
\tabu@footnotes=\toks20
\tabu@box=\box50
\tabu@arstrutbox=\box51
\tabu@hleads=\box52
\tabu@vleads=\box53
\tabu@cellskip=\skip57
) (/usr/local/texlive/2020/texmf-dist/tex/latex/booktabs/booktabs.sty
Package: booktabs 2020/01/12 v1.61803398 Publication quality tables
\heavyrulewidth=\dimen157
\lightrulewidth=\dimen158
\cmidrulewidth=\dimen159
\belowrulesep=\dimen160
\belowbottomsep=\dimen161
\aboverulesep=\dimen162
\abovetopsep=\dimen163
\cmidrulesep=\dimen164
\cmidrulekern=\dimen165
\defaultaddspace=\dimen166
\@cmidla=\count192
\@cmidlb=\count193
\@aboverulesep=\dimen167
\@belowrulesep=\dimen168
\@thisruleclass=\count194
\@lastruleclass=\count195
\@thisrulewidth=\dimen169
) (/usr/local/texlive/2020/texmf-dist/tex/latex/algorithms/algorithm.sty
Package: algorithm 2009/08/24 v0.1 Document Style `algorithm' - floating environment
 (/usr/local/texlive/2020/texmf-dist/tex/latex/float/float.sty
Package: float 2001/11/08 v1.3d Float enhancements (AL)
\c@float@type=\count196
\float@exts=\toks21
\float@box=\box54
\@float@everytoks=\toks22
\@floatcapt=\box55
) (/usr/local/texlive/2020/texmf-dist/tex/latex/base/ifthen.sty
Package: ifthen 2014/09/29 v1.1c Standard LaTeX ifthen package (DPC)
)
\@float@every@algorithm=\toks23
\c@algorithm=\count197
) (/usr/local/texlive/2020/texmf-dist/tex/latex/algorithmicx/algorithmicx.sty
Package: algorithmicx 2005/04/27 v1.2 Algorithmicx

Document Style algorithmicx 1.2 - a greatly improved `algorithmic' style
\c@ALG@line=\count198
\c@ALG@rem=\count199
\c@ALG@nested=\count266
\ALG@tlm=\skip58
\ALG@thistlm=\skip59
\c@ALG@Lnr=\count267
\c@ALG@blocknr=\count268
\c@ALG@storecount=\count269
\c@ALG@tmpcounter=\count270
\ALG@tmplength=\skip60
) (/usr/local/texlive/2020/texmf-dist/tex/latex/algorithmicx/algpseudocode.sty
Package: algpseudocode 

Document Style - pseudocode environments for use with the `algorithmicx' style
) (/usr/local/texlive/2020/texmf-dist/tex/latex/amsmath/amsmath.sty
Package: amsmath 2020/01/20 v2.17e AMS math features
\@mathmargin=\skip61

For additional information on amsmath, use the `?' option.
(/usr/local/texlive/2020/texmf-dist/tex/latex/amsmath/amstext.sty
Package: amstext 2000/06/29 v2.01 AMS text
 (/usr/local/texlive/2020/texmf-dist/tex/latex/amsmath/amsgen.sty
File: amsgen.sty 1999/11/30 v2.0 generic functions
\@emptytoks=\toks24
\ex@=\dimen170
)) (/usr/local/texlive/2020/texmf-dist/tex/latex/amsmath/amsbsy.sty
Package: amsbsy 1999/11/29 v1.2d Bold Symbols
\pmbraise@=\dimen171
) (/usr/local/texlive/2020/texmf-dist/tex/latex/amsmath/amsopn.sty
Package: amsopn 2016/03/08 v2.02 operator names
)
\inf@bad=\count271
LaTeX Info: Redefining \frac on input line 227.
\uproot@=\count272
\leftroot@=\count273
LaTeX Info: Redefining \overline on input line 389.
\classnum@=\count274
\DOTSCASE@=\count275
LaTeX Info: Redefining \ldots on input line 486.
LaTeX Info: Redefining \dots on input line 489.
LaTeX Info: Redefining \cdots on input line 610.
\Mathstrutbox@=\box56
\strutbox@=\box57
\big@size=\dimen172
LaTeX Font Info:    Redeclaring font encoding OML on input line 733.
LaTeX Font Info:    Redeclaring font encoding OMS on input line 734.
\macc@depth=\count276
\c@MaxMatrixCols=\count277
\dotsspace@=\muskip16
\c@parentequation=\count278
\dspbrk@lvl=\count279
\tag@help=\toks25
\row@=\count280
\column@=\count281
\maxfields@=\count282
\andhelp@=\toks26
\eqnshift@=\dimen173
\alignsep@=\dimen174
\tagshift@=\dimen175
\tagwidth@=\dimen176
\totwidth@=\dimen177
\lineht@=\dimen178
\@envbody=\toks27
\multlinegap=\skip62
\multlinetaggap=\skip63
\mathdisplay@stack=\toks28
LaTeX Info: Redefining \[ on input line 2859.
LaTeX Info: Redefining \] on input line 2860.
) (/usr/local/texlive/2020/texmf-dist/tex/latex/comment/comment.sty
\CommentStream=\write3
 Excluding comment 'comment') (/usr/local/texlive/2020/texmf-dist/tex/latex/multirow/multirow.sty
Package: multirow 2019/05/31 v2.5 Span multiple rows of a table
\multirow@colwidth=\skip64
\multirow@cntb=\count283
\multirow@dima=\skip65
\bigstrutjot=\dimen179
) (/usr/local/texlive/2020/texmf-dist/tex/latex/caption/caption.sty
Package: caption 2020/01/03 v3.4h Customizing captions (AR)
 (/usr/local/texlive/2020/texmf-dist/tex/latex/caption/caption3.sty
Package: caption3 2020/01/03 v1.8h caption3 kernel (AR)
Package caption3 Info: TeX engine: e-TeX on input line 61.
\captionmargin=\dimen180
\captionmargin@=\dimen181
\captionwidth=\dimen182
\caption@tempdima=\dimen183
\caption@indent=\dimen184
\caption@parindent=\dimen185
\caption@hangindent=\dimen186
Package caption Info: Unknown document class (or package),
(caption)             standard defaults will be used.
Package caption Info: \@makecaption = \long macro:#1#2->\if \instring {Table}{#1}\else \vskip \abovecaptionskip \fi \leftskip = \captionmargin \rightskip = \leftskip \sbox \@tempboxa {\captionfonts #1\ifvgtcjournal . \else : \fi #2}\ifdim \wd \@tempboxa >\hsize {\captionfonts #1\ifvgtcjournal . \else : \fi #2\par } \else \global \@minipagefalse \def \@figcaptype {figure} \hskip 0.0in\hb@xt@ \hsize {\ifvgtcjournal \ifx \@captype \@figcaptype \else \hfil \fi \else \hfil \fi \box \@tempboxa \hfil }\fi \if \instring {Table}{#1}\vskip .5\abovecaptionskip \else \vskip \belowcaptionskip \fi  on input line 1082.
)

Package caption Warning: Unknown document class (or package),
(caption)                standard defaults will be used.
See the caption package documentation for explanation.

\c@caption@flags=\count284
\c@continuedfloat=\count285
Package caption Info: float package is loaded.
Package caption Info: listings package is loaded.
) (/usr/local/texlive/2020/texmf-dist/tex/latex/sttools/stfloats.sty
Package: stfloats 2017/03/27 v3.3 Improve float mechanism and baselineskip settings
\@dblbotnum=\count286
\c@dblbotnumber=\count287
) (/usr/local/texlive/2020/texmf-dist/tex/latex/hyperref/hyperref.sty
Package: hyperref 2020/01/14 v7.00d Hypertext links for LaTeX
 (/usr/local/texlive/2020/texmf-dist/tex/generic/kvsetkeys/kvsetkeys.sty
Package: kvsetkeys 2019/12/15 v1.18 Key value parser (HO)
) (/usr/local/texlive/2020/texmf-dist/tex/generic/kvdefinekeys/kvdefinekeys.sty
Package: kvdefinekeys 2019-12-19 v1.6 Define keys (HO)
) (/usr/local/texlive/2020/texmf-dist/tex/latex/hycolor/hycolor.sty
Package: hycolor 2020-01-27 v1.10 Color options for hyperref/bookmark (HO)
) (/usr/local/texlive/2020/texmf-dist/tex/latex/letltxmacro/letltxmacro.sty
Package: letltxmacro 2019/12/03 v1.6 Let assignment for LaTeX macros (HO)
) (/usr/local/texlive/2020/texmf-dist/tex/latex/auxhook/auxhook.sty
Package: auxhook 2019-12-17 v1.6 Hooks for auxiliary files (HO)
) (/usr/local/texlive/2020/texmf-dist/tex/latex/kvoptions/kvoptions.sty
Package: kvoptions 2019/11/29 v3.13 Key value format for package options (HO)
)
\@linkdim=\dimen187
\Hy@linkcounter=\count288
\Hy@pagecounter=\count289
 (/usr/local/texlive/2020/texmf-dist/tex/latex/hyperref/pd1enc.def
File: pd1enc.def 2020/01/14 v7.00d Hyperref: PDFDocEncoding definition (HO)
Now handling font encoding PD1 ...
... no UTF-8 mapping file for font encoding PD1
) (/usr/local/texlive/2020/texmf-dist/tex/generic/intcalc/intcalc.sty
Package: intcalc 2019/12/15 v1.3 Expandable calculations with integers (HO)
) (/usr/local/texlive/2020/texmf-dist/tex/generic/etexcmds/etexcmds.sty
Package: etexcmds 2019/12/15 v1.7 Avoid name clashes with e-TeX commands (HO)
)
\Hy@SavedSpaceFactor=\count290
Package hyperref Info: Hyper figures OFF on input line 4547.
Package hyperref Info: Link nesting OFF on input line 4552.
Package hyperref Info: Hyper index ON on input line 4555.
Package hyperref Info: Plain pages OFF on input line 4562.
Package hyperref Info: Backreferencing OFF on input line 4567.
Package hyperref Info: Implicit mode ON; LaTeX internals redefined.
Package hyperref Info: Bookmarks ON on input line 4800.
\c@Hy@tempcnt=\count291
 (/usr/local/texlive/2020/texmf-dist/tex/latex/url/url.sty
\Urlmuskip=\muskip17
Package: url 2013/09/16  ver 3.4  Verb mode for urls, etc.
)
LaTeX Info: Redefining \url on input line 5159.
\XeTeXLinkMargin=\dimen188
 (/usr/local/texlive/2020/texmf-dist/tex/generic/bitset/bitset.sty
Package: bitset 2019/12/09 v1.3 Handle bit-vector datatype (HO)
 (/usr/local/texlive/2020/texmf-dist/tex/generic/bigintcalc/bigintcalc.sty
Package: bigintcalc 2019/12/15 v1.5 Expandable calculations on big integers (HO)
))
\Fld@menulength=\count292
\Field@Width=\dimen189
\Fld@charsize=\dimen190
Package hyperref Info: Hyper figures OFF on input line 6430.
Package hyperref Info: Link nesting OFF on input line 6435.
Package hyperref Info: Hyper index ON on input line 6438.
Package hyperref Info: backreferencing OFF on input line 6445.
Package hyperref Info: Link coloring OFF on input line 6450.
Package hyperref Info: Link coloring with OCG OFF on input line 6455.
Package hyperref Info: PDF/A mode OFF on input line 6460.
LaTeX Info: Redefining \ref on input line 6500.
LaTeX Info: Redefining \pageref on input line 6504.
 (/usr/local/texlive/2020/texmf-dist/tex/generic/atbegshi/atbegshi.sty
Package: atbegshi 2019/12/05 v1.19 At begin shipout hook (HO)
)
\Hy@abspage=\count293
\c@Item=\count294
\c@Hfootnote=\count295
)
Package hyperref Info: Driver (autodetected): hpdftex.
 (/usr/local/texlive/2020/texmf-dist/tex/latex/hyperref/hpdftex.def
File: hpdftex.def 2020/01/14 v7.00d Hyperref driver for pdfTeX
 (/usr/local/texlive/2020/texmf-dist/tex/latex/atveryend/atveryend.sty
Package: atveryend 2019-12-11 v1.11 Hooks at the very end of document (HO)
Package atveryend Info: \enddocument detected (standard20110627).
)
\Fld@listcount=\count296
\c@bookmark@seq@number=\count297
 (/usr/local/texlive/2020/texmf-dist/tex/latex/rerunfilecheck/rerunfilecheck.sty
Package: rerunfilecheck 2019/12/05 v1.9 Rerun checks for auxiliary files (HO)
 (/usr/local/texlive/2020/texmf-dist/tex/generic/uniquecounter/uniquecounter.sty
Package: uniquecounter 2019/12/15 v1.4 Provide unlimited unique counter (HO)
)
Package uniquecounter Info: New unique counter `rerunfilecheck' on input line 286.
)
\Hy@SectionHShift=\skip66
)

Package hyperref Warning: Option `pdftex' has already been used,
(hyperref)                setting the option has no effect on input line 195.


Package hyperref Warning: Option `pagebackref' has already been used,
(hyperref)                setting the option has no effect on input line 195.

Package hyperref Info: Option `pageanchor' set `true' on input line 195.
Package hyperref Info: Option `plainpages' set `false' on input line 195.
Package hyperref Info: Option `hypertexnames' set `false' on input line 195.

Package hyperref Warning: Option `bookmarks' has already been used,
(hyperref)                setting the option has no effect on input line 195.

Package hyperref Info: Option `bookmarksnumbered' set `false' on input line 195.
Package hyperref Info: Option `bookmarksopen' set `true' on input line 195.
Package hyperref Info: Option `breaklinks' set `true' on input line 195.
Package hyperref Info: Option `colorlinks' set `false' on input line 195.
Package hyperref Info: Option `nesting' set `true' on input line 195.
Package hyperref Info: Option `linktocpage' set `true' on input line 195.
(/usr/local/texlive/2020/texmf-dist/tex/latex/l3backend/l3backend-pdfmode.def
File: l3backend-pdfmode.def 2020-03-12 L3 backend support: PDF mode
\l__kernel_color_stack_int=\count298
\l__pdf_internal_box=\box58
) (./arlayout.aux)
\openout1 = `arlayout.aux'.

LaTeX Font Info:    Checking defaults for OML/cmm/m/it on input line 201.
LaTeX Font Info:    ... okay on input line 201.
LaTeX Font Info:    Checking defaults for OMS/cmsy/m/n on input line 201.
LaTeX Font Info:    ... okay on input line 201.
LaTeX Font Info:    Checking defaults for OT1/cmr/m/n on input line 201.
LaTeX Font Info:    ... okay on input line 201.
LaTeX Font Info:    Checking defaults for T1/cmr/m/n on input line 201.
LaTeX Font Info:    ... okay on input line 201.
LaTeX Font Info:    Checking defaults for TS1/cmr/m/n on input line 201.
LaTeX Font Info:    ... okay on input line 201.
LaTeX Font Info:    Checking defaults for OMX/cmex/m/n on input line 201.
LaTeX Font Info:    ... okay on input line 201.
LaTeX Font Info:    Checking defaults for U/cmr/m/n on input line 201.
LaTeX Font Info:    ... okay on input line 201.
LaTeX Font Info:    Checking defaults for PD1/pdf/m/n on input line 201.
LaTeX Font Info:    ... okay on input line 201.
LaTeX Font Info:    Trying to load font information for OT1+ptm on input line 201.
 (/usr/local/texlive/2020/texmf-dist/tex/latex/psnfss/ot1ptm.fd
File: ot1ptm.fd 2001/06/04 font definitions for OT1/ptm.
) (/usr/local/texlive/2020/texmf-dist/tex/context/base/mkii/supp-pdf.mkii
[Loading MPS to PDF converter (version 2006.09.02).]
\scratchcounter=\count299
\scratchdimen=\dimen191
\scratchbox=\box59
\nofMPsegments=\count300
\nofMParguments=\count301
\everyMPshowfont=\toks29
\MPscratchCnt=\count302
\MPscratchDim=\dimen192
\MPnumerator=\count303
\makeMPintoPDFobject=\count304
\everyMPtoPDFconversion=\toks30
) (/usr/local/texlive/2020/texmf-dist/tex/latex/epstopdf-pkg/epstopdf-base.sty
Package: epstopdf-base 2020-01-24 v2.11 Base part for package epstopdf
Package epstopdf-base Info: Redefining graphics rule for `.eps' on input line 485.
 (/usr/local/texlive/2020/texmf-dist/tex/latex/latexconfig/epstopdf-sys.cfg
File: epstopdf-sys.cfg 2010/07/13 v1.3 Configuration of (r)epstopdf for TeX Live
))
LaTeX Info: Redefining \microtypecontext on input line 201.
Package microtype Info: Generating PDF output.
Package microtype Info: Character protrusion enabled (level 2).
Package microtype Info: Using default protrusion set `alltext'.
Package microtype Info: Automatic font expansion enabled (level 2),
(microtype)             stretch: 20, shrink: 20, step: 1, non-selected.
Package microtype Info: Using default expansion set `basictext'.
LaTeX Info: Redefining \showhyphens on input line 201.
Package microtype Info: No adjustment of tracking.
Package microtype Info: No adjustment of interword spacing.
Package microtype Info: No adjustment of character kerning.
 (/usr/local/texlive/2020/texmf-dist/tex/latex/microtype/mt-ptm.cfg
File: mt-ptm.cfg 2006/04/20 v1.7 microtype config. file: Times (RS)
)
\c@lstlisting=\count305
 (/usr/local/texlive/2020/texmf-dist/tex/latex/base/inputenc.sty
Package: inputenc 2018/08/11 v1.3c Input encoding file
\inpenc@prehook=\toks31
\inpenc@posthook=\toks32
)
Package caption Info: Begin \AtBeginDocument code.
Package caption Info: hyperref package is loaded.
Package caption Info: End \AtBeginDocument code.
\AtBeginShipoutBox=\box60
Package hyperref Info: Link coloring OFF on input line 201.
 (/usr/local/texlive/2020/texmf-dist/tex/latex/hyperref/nameref.sty
Package: nameref 2019/09/16 v2.46 Cross-referencing by name of section
 (/usr/local/texlive/2020/texmf-dist/tex/latex/refcount/refcount.sty
Package: refcount 2019/12/15 v3.6 Data extraction from label references (HO)
) (/usr/local/texlive/2020/texmf-dist/tex/generic/gettitlestring/gettitlestring.sty
Package: gettitlestring 2019/12/15 v1.6 Cleanup title references (HO)
)
\c@section@level=\count306
)
LaTeX Info: Redefining \ref on input line 201.
LaTeX Info: Redefining \pageref on input line 201.
LaTeX Info: Redefining \nameref on input line 201.
 (./arlayout.out) (./arlayout.out)
\@outlinefile=\write4
\openout4 = `arlayout.out'.

 (./introduction.tex
LaTeX Font Info:    Trying to load font information for OT1+phv on input line 5.
 (/usr/local/texlive/2020/texmf-dist/tex/latex/psnfss/ot1phv.fd
File: ot1phv.fd 2001/06/04 scalable font definitions for OT1/phv.


LaTeX Warning: Font shape declaration has incorrect series value `mc'.
               It should not contain an `m'! Please correct it.
               Found on input line 21.


LaTeX Warning: Font shape declaration has incorrect series value `mc'.
               It should not contain an `m'! Please correct it.
               Found on input line 24.


LaTeX Warning: Font shape declaration has incorrect series value `mc'.
               It should not contain an `m'! Please correct it.
               Found on input line 27.


LaTeX Warning: Font shape declaration has incorrect series value `mc'.
               It should not contain an `m'! Please correct it.
               Found on input line 47.

)
Package microtype Info: Loading generic protrusion settings for font family
(microtype)             `phv' (encoding: OT1).
(microtype)             For optimal results, create family-specific settings.
(microtype)             See the microtype manual for details.
LaTeX Font Info:    Font shape `OT1/phv/m/it' in size <8> not available
(Font)              Font shape `OT1/phv/m/sl' tried instead on input line 5.
<diamondrule.pdf, id=113, 213.79875pt x 12.045pt>
File: diamondrule.pdf Graphic file (type pdf)
<use diamondrule.pdf>
Package pdftex.def Info: diamondrule.pdf  used on input line 5.
(pdftex.def)             Requested size: 213.79822pt x 12.04495pt.
Package epstopdf Info: Source file: <images/intro_relayout_task.eps>
(epstopdf)                    date: 2021-03-28 11:28:59
(epstopdf)                    size: 1793710 bytes
(epstopdf)             Output file: <images/intro_relayout_task-eps-converted-to.pdf>
(epstopdf)                    date: 2021-03-30 09:14:02
(epstopdf)                    size: 26900 bytes
(epstopdf)             Command: <repstopdf --outfile=images/intro_relayout_task-eps-converted-to.pdf images/intro_relayout_task.eps>
(epstopdf)             \includegraphics on input line 45.
Package epstopdf Info: Output file is already uptodate.
<images/intro_relayout_task-eps-converted-to.pdf, id=118, 2040.62375pt x 301.125pt>
File: images/intro_relayout_task-eps-converted-to.pdf Graphic file (type pdf)
<use images/intro_relayout_task-eps-converted-to.pdf>
Package pdftex.def Info: images/intro_relayout_task-eps-converted-to.pdf  used on input line 45.
(pdftex.def)             Requested size: 514.92374pt x 75.98405pt.
LaTeX Font Info:    Trying to load font information for TS1+ptm on input line 84.
 (/usr/local/texlive/2020/texmf-dist/tex/latex/psnfss/ts1ptm.fd
File: ts1ptm.fd 2001/06/04 font definitions for TS1/ptm.
)
Overfull \vbox (2.32803pt too high) has occurred while \output is active []

 [1{/usr/local/texlive/2020/texmf-var/fonts/map/pdftex/updmap/pdftex.map}


 <./diamondrule.pdf>]) (./relatedwork.tex

LaTeX Warning: Citation `ElSayed2015' on page 2 undefined on input line 9.

[2 <./images/intro_relayout_task-eps-converted-to.pdf>]
Package epstopdf Info: Source file: <images/discussion_relatedwork_cmp.eps>
(epstopdf)                    date: 2021-03-28 11:24:24
(epstopdf)                    size: 681086 bytes
(epstopdf)             Output file: <images/discussion_relatedwork_cmp-eps-converted-to.pdf>
(epstopdf)                    date: 2021-03-30 09:14:03
(epstopdf)                    size: 37379 bytes
(epstopdf)             Command: <repstopdf --outfile=images/discussion_relatedwork_cmp-eps-converted-to.pdf images/discussion_relatedwork_cmp.eps>
(epstopdf)             \includegraphics on input line 96.
Package epstopdf Info: Output file is already uptodate.
<images/discussion_relatedwork_cmp-eps-converted-to.pdf, id=273, 391.4625pt x 159.59625pt>
File: images/discussion_relatedwork_cmp-eps-converted-to.pdf Graphic file (type pdf)
<use images/discussion_relatedwork_cmp-eps-converted-to.pdf>
Package pdftex.def Info: images/discussion_relatedwork_cmp-eps-converted-to.pdf  used on input line 96.
(pdftex.def)             Requested size: 251.31898pt x 102.46268pt.


LaTeX Warning: Citation `ElSayed2015' on page 3 undefined on input line 106.


LaTeX Warning: Citation `ElSayed2015' on page 3 undefined on input line 106.

LaTeX Font Info:    Trying to load font information for OT1+ztmcm on input line 125.
(/usr/local/texlive/2020/texmf-dist/tex/latex/psnfss/ot1ztmcm.fd
File: ot1ztmcm.fd 2000/01/03 Fontinst v1.801 font definitions for OT1/ztmcm.
)
Package microtype Info: Loading generic protrusion settings for font family
(microtype)             `ztmcm' (encoding: OT1).
(microtype)             For optimal results, create family-specific settings.
(microtype)             See the microtype manual for details.
LaTeX Font Info:    Trying to load font information for OML+ztmcm on input line 125.
 (/usr/local/texlive/2020/texmf-dist/tex/latex/psnfss/omlztmcm.fd
File: omlztmcm.fd 2000/01/03 Fontinst v1.801 font definitions for OML/ztmcm.
)
LaTeX Font Info:    Trying to load font information for OMS+ztmcm on input line 125.
 (/usr/local/texlive/2020/texmf-dist/tex/latex/psnfss/omsztmcm.fd
File: omsztmcm.fd 2000/01/03 Fontinst v1.801 font definitions for OMS/ztmcm.
)
LaTeX Font Info:    Trying to load font information for OMX+ztmcm on input line 125.
 (/usr/local/texlive/2020/texmf-dist/tex/latex/psnfss/omxztmcm.fd
File: omxztmcm.fd 2000/01/03 Fontinst v1.801 font definitions for OMX/ztmcm.
)
LaTeX Font Info:    Font shape `OT1/ptm/bx/n' in size <9> not available
(Font)              Font shape `OT1/ptm/b/n' tried instead on input line 125.
LaTeX Font Info:    Font shape `OT1/ptm/bx/n' in size <7> not available
(Font)              Font shape `OT1/ptm/b/n' tried instead on input line 125.
LaTeX Font Info:    Font shape `OT1/ptm/bx/n' in size <5> not available
(Font)              Font shape `OT1/ptm/b/n' tried instead on input line 125.


LaTeX Warning: Citation `ElSayed2015' on page 3 undefined on input line 125.

) (./design.tex
Overfull \vbox (2.32803pt too high) has occurred while \output is active []

 [3 <./images/discussion_relatedwork_cmp-eps-converted-to.pdf>]
Package epstopdf Info: Source file: <images/design_overview.eps>
(epstopdf)                    date: 2021-03-21 11:20:30
(epstopdf)                    size: 2282830 bytes
(epstopdf)             Output file: <images/design_overview-eps-converted-to.pdf>
(epstopdf)                    date: 2021-03-30 09:14:03
(epstopdf)                    size: 200636 bytes
(epstopdf)             Command: <repstopdf --outfile=images/design_overview-eps-converted-to.pdf images/design_overview.eps>
(epstopdf)             \includegraphics on input line 85.
Package epstopdf Info: Output file is already uptodate.
<images/design_overview-eps-converted-to.pdf, id=326, 760.8425pt x 290.08376pt>
File: images/design_overview-eps-converted-to.pdf Graphic file (type pdf)
<use images/design_overview-eps-converted-to.pdf>
Package pdftex.def Info: images/design_overview-eps-converted-to.pdf  used on input line 85.
(pdftex.def)             Requested size: 251.31898pt x 95.82088pt.
) (./evaluation.tex
Package epstopdf Info: Source file: <images/design_compare.eps>
(epstopdf)                    date: 2021-03-27 15:17:26
(epstopdf)                    size: 1248962 bytes
(epstopdf)             Output file: <images/design_compare-eps-converted-to.pdf>
(epstopdf)                    date: 2021-03-30 09:14:04
(epstopdf)                    size: 22159 bytes
(epstopdf)             Command: <repstopdf --outfile=images/design_compare-eps-converted-to.pdf images/design_compare.eps>
(epstopdf)             \includegraphics on input line 23.
Package epstopdf Info: Output file is already uptodate.
<images/design_compare-eps-converted-to.pdf, id=331, 954.56625pt x 300.12125pt>
File: images/design_compare-eps-converted-to.pdf Graphic file (type pdf)
<use images/design_compare-eps-converted-to.pdf>
Package pdftex.def Info: images/design_compare-eps-converted-to.pdf  used on input line 23.
(pdftex.def)             Requested size: 251.31898pt x 79.01427pt.
Package epstopdf Info: Source file: <images/evaluation_prestudy.eps>
(epstopdf)                    date: 2021-03-27 10:41:42
(epstopdf)                    size: 917738 bytes
(epstopdf)             Output file: <images/evaluation_prestudy-eps-converted-to.pdf>
(epstopdf)                    date: 2021-03-30 09:14:04
(epstopdf)                    size: 26375 bytes
(epstopdf)             Command: <repstopdf --outfile=images/evaluation_prestudy-eps-converted-to.pdf images/evaluation_prestudy.eps>
(epstopdf)             \includegraphics on input line 63.
Package epstopdf Info: Output file is already uptodate.
<images/evaluation_prestudy-eps-converted-to.pdf, id=332, 822.07124pt x 225.84375pt>
File: images/evaluation_prestudy-eps-converted-to.pdf Graphic file (type pdf)
<use images/evaluation_prestudy-eps-converted-to.pdf>
Package pdftex.def Info: images/evaluation_prestudy-eps-converted-to.pdf  used on input line 63.
(pdftex.def)             Requested size: 251.31898pt x 69.04248pt.
 [4 <./images/design_overview-eps-converted-to.pdf> <./images/design_compare-eps-converted-to.pdf> <./images/evaluation_prestudy-eps-converted-to.pdf>]
Package epstopdf Info: Source file: <images/evaluation_result.eps>
(epstopdf)                    date: 2021-03-27 09:24:14
(epstopdf)                    size: 1541658 bytes
(epstopdf)             Output file: <images/evaluation_result-eps-converted-to.pdf>
(epstopdf)                    date: 2021-03-30 09:14:05
(epstopdf)                    size: 50673 bytes
(epstopdf)             Command: <repstopdf --outfile=images/evaluation_result-eps-converted-to.pdf images/evaluation_result.eps>
(epstopdf)             \includegraphics on input line 130.
Package epstopdf Info: Output file is already uptodate.
<images/evaluation_result-eps-converted-to.pdf, id=370, 718.685pt x 541.02126pt>
File: images/evaluation_result-eps-converted-to.pdf Graphic file (type pdf)
<use images/evaluation_result-eps-converted-to.pdf>
Package pdftex.def Info: images/evaluation_result-eps-converted-to.pdf  used on input line 130.
(pdftex.def)             Requested size: 251.31898pt x 189.1869pt.

Underfull \hbox (badness 3049) in paragraph at lines 260--262
[]\OT1/ptm/b/n/9 Involvement. \OT1/ptm/m/n/9 (+20) As in-di-cated by Q18 ($\OML/ztmcm/m/it/9 ^^V \OT1/ztmcm/m/n/9 = 4\OML/ztmcm/m/it/9 :\OT1/ztmcm/m/n/9 65\OML/ztmcm/m/it/9 ; \OT1/ztmcm/m/n/9 95%\OML/ztmcm/m/it/9 CI \OT1/ztmcm/m/n/9 =
 []


Overfull \vbox (2.32803pt too high) has occurred while \output is active []

 [5 <./images/evaluation_result-eps-converted-to.pdf>]
Package epstopdf Info: Source file: <images/implementation_ocr.eps>
(epstopdf)                    date: 2021-03-28 16:55:22
(epstopdf)                    size: 90339622 bytes
(epstopdf)             Output file: <images/implementation_ocr-eps-converted-to.pdf>
(epstopdf)                    date: 2021-03-30 09:14:07
(epstopdf)                    size: 5265934 bytes
(epstopdf)             Command: <repstopdf --outfile=images/implementation_ocr-eps-converted-to.pdf images/implementation_ocr.eps>
(epstopdf)             \includegraphics on input line 284.
Package epstopdf Info: Output file is already uptodate.
<images/implementation_ocr-eps-converted-to.pdf, id=392, 1988.42876pt x 577.15625pt>
File: images/implementation_ocr-eps-converted-to.pdf Graphic file (type pdf)
<use images/implementation_ocr-eps-converted-to.pdf>
Package pdftex.def Info: images/implementation_ocr-eps-converted-to.pdf  used on input line 284.
(pdftex.def)             Requested size: 251.31898pt x 72.94576pt.
Package epstopdf Info: Source file: <images/implementation_network_deeplab.eps>
(epstopdf)                    date: 2021-03-28 21:46:07
(epstopdf)                    size: 16663366 bytes
(epstopdf)             Output file: <images/implementation_network_deeplab-eps-converted-to.pdf>
(epstopdf)                    date: 2021-03-30 09:14:08
(epstopdf)                    size: 602919 bytes
(epstopdf)             Command: <repstopdf --outfile=images/implementation_network_deeplab-eps-converted-to.pdf images/implementation_network_deeplab.eps>
(epstopdf)             \includegraphics on input line 305.
Package epstopdf Info: Output file is already uptodate.
<images/implementation_network_deeplab-eps-converted-to.pdf, id=393, 2122.93124pt x 1475.5125pt>
File: images/implementation_network_deeplab-eps-converted-to.pdf Graphic file (type pdf)
<use images/implementation_network_deeplab-eps-converted-to.pdf>
Package pdftex.def Info: images/implementation_network_deeplab-eps-converted-to.pdf  used on input line 305.
(pdftex.def)             Requested size: 514.92374pt x 357.89015pt.
) (./implementation.tex
Package epstopdf Info: Source file: <images/implementation_front.eps>
(epstopdf)                    date: 2021-03-24 00:15:06
(epstopdf)                    size: 3671110 bytes
(epstopdf)             Output file: <images/implementation_front-eps-converted-to.pdf>
(epstopdf)                    date: 2021-03-30 09:14:09
(epstopdf)                    size: 584688 bytes
(epstopdf)             Command: <repstopdf --outfile=images/implementation_front-eps-converted-to.pdf images/implementation_front.eps>
(epstopdf)             \includegraphics on input line 14.
Package epstopdf Info: Output file is already uptodate.
<images/implementation_front-eps-converted-to.pdf, id=394, 571.13374pt x 448.67625pt>
File: images/implementation_front-eps-converted-to.pdf Graphic file (type pdf)
<use images/implementation_front-eps-converted-to.pdf>
Package pdftex.def Info: images/implementation_front-eps-converted-to.pdf  used on input line 14.
(pdftex.def)             Requested size: 251.31898pt x 197.43185pt.


LaTeX Warning: Citation `He2016' on page 6 undefined on input line 45.


LaTeX Warning: Citation `Chen2018' on page 6 undefined on input line 140.

Package epstopdf Info: Source file: <images/casestudy_book.eps>
(epstopdf)                    date: 2021-03-30 10:10:29
(epstopdf)                    size: 5986261 bytes
(epstopdf)             Output file: <images/casestudy_book-eps-converted-to.pdf>
(epstopdf)                    date: 2021-03-30 10:28:59
(epstopdf)                    size: 3679132 bytes
(epstopdf)             Command: <repstopdf --outfile=images/casestudy_book-eps-converted-to.pdf images/casestudy_book.eps>
(epstopdf)             \includegraphics on input line 192.
Package epstopdf Info: Output file is already uptodate.
<images/casestudy_book-eps-converted-to.pdf, id=407, 1260.71pt x 427.5975pt>
File: images/casestudy_book-eps-converted-to.pdf Graphic file (type pdf)
<use images/casestudy_book-eps-converted-to.pdf>
Package pdftex.def Info: images/casestudy_book-eps-converted-to.pdf  used on input line 192.
(pdftex.def)             Requested size: 514.92374pt x 174.64407pt.
Package epstopdf Info: Source file: <images/casestudy_coffee.eps>
(epstopdf)                    date: 2021-03-30 08:56:11
(epstopdf)                    size: 5265155 bytes
(epstopdf)             Output file: <images/casestudy_coffee-eps-converted-to.pdf>
(epstopdf)                    date: 2021-03-30 09:14:11
(epstopdf)                    size: 3096047 bytes
(epstopdf)             Command: <repstopdf --outfile=images/casestudy_coffee-eps-converted-to.pdf images/casestudy_coffee.eps>
(epstopdf)             \includegraphics on input line 218.
Package epstopdf Info: Output file is already uptodate.
<images/casestudy_coffee-eps-converted-to.pdf, id=408, 1272.755pt x 424.58624pt>
File: images/casestudy_coffee-eps-converted-to.pdf Graphic file (type pdf)
<use images/casestudy_coffee-eps-converted-to.pdf>
Package pdftex.def Info: images/casestudy_coffee-eps-converted-to.pdf  used on input line 218.
(pdftex.def)             Requested size: 514.92374pt x 171.77509pt.
Package epstopdf Info: Source file: <images/casestudy_coffee_poster.eps>
(epstopdf)                    date: 2021-03-30 10:40:07
(epstopdf)                    size: 2323219 bytes
(epstopdf)             Output file: <images/casestudy_coffee_poster-eps-converted-to.pdf>
(epstopdf)                    date: 2021-03-30 10:43:23
(epstopdf)                    size: 778075 bytes
(epstopdf)             Command: <repstopdf --outfile=images/casestudy_coffee_poster-eps-converted-to.pdf images/casestudy_coffee_poster.eps>
(epstopdf)             \includegraphics on input line 242.
Package epstopdf Info: Output file is already uptodate.
<images/casestudy_coffee_poster-eps-converted-to.pdf, id=409, 493.845pt x 184.69pt>
File: images/casestudy_coffee_poster-eps-converted-to.pdf Graphic file (type pdf)
<use images/casestudy_coffee_poster-eps-converted-to.pdf>
Package pdftex.def Info: images/casestudy_coffee_poster-eps-converted-to.pdf  used on input line 242.
(pdftex.def)             Requested size: 251.31898pt x 93.98773pt.
Package epstopdf Info: Source file: <images/casestudy_eye.eps>
(epstopdf)                    date: 2021-03-30 09:09:03
(epstopdf)                    size: 3230188 bytes
(epstopdf)             Output file: <images/casestudy_eye-eps-converted-to.pdf>
(epstopdf)                    date: 2021-03-30 09:14:12
(epstopdf)                    size: 1532182 bytes
(epstopdf)             Command: <repstopdf --outfile=images/casestudy_eye-eps-converted-to.pdf images/casestudy_eye.eps>
(epstopdf)             \includegraphics on input line 257.
Package epstopdf Info: Output file is already uptodate.
<images/casestudy_eye-eps-converted-to.pdf, id=410, 1272.755pt x 209.78375pt>
File: images/casestudy_eye-eps-converted-to.pdf Graphic file (type pdf)
<use images/casestudy_eye-eps-converted-to.pdf>
Package pdftex.def Info: images/casestudy_eye-eps-converted-to.pdf  used on input line 257.
(pdftex.def)             Requested size: 514.92374pt x 84.87231pt.
) (./casestudy.tex [6 <./images/implementation_ocr-eps-converted-to.pdf>]
Overfull \vbox (2.32803pt too high) has occurred while \output is active []

 [7 <./images/implementation_network_deeplab-eps-converted-to.pdf>]) (./discussion.tex [8 <./images/implementation_front-eps-converted-to.pdf>]) (./conclusion.tex)
Overfull \vbox (2.32803pt too high) has occurred while \output is active []

 [9 <./images/casestudy_book-eps-converted-to.pdf>] (./arlayout.bbl
LaTeX Font Info:    Trying to load font information for OT1+txtt on input line 4.
 (/usr/local/texlive/2020/texmf-dist/tex/latex/txfonts/ot1txtt.fd
File: ot1txtt.fd 2000/12/15 v3.1
)
Package microtype Info: Loading generic protrusion settings for font family
(microtype)             `txtt' (encoding: OT1).
(microtype)             For optimal results, create family-specific settings.
(microtype)             See the microtype manual for details.
LaTeX Font Info:    Font shape `OT1/ptm/bx/n' in size <8> not available
(Font)              Font shape `OT1/ptm/b/n' tried instead on input line 4.
LaTeX Font Info:    Font shape `OT1/ptm/bx/n' in size <6> not available
(Font)              Font shape `OT1/ptm/b/n' tried instead on input line 4.

Underfull \hbox (badness 10000) in paragraph at lines 10--11
[][]$\OT1/txtt/m/n/8 https : / / www . interaction-[]design . org / literature / book /
 []


Underfull \hbox (badness 10000) in paragraph at lines 13--14
[][]$\OT1/txtt/m/n/8 https : / / developer . apple . com / cn / augmented-[]reality /
 []


Underfull \vbox (badness 10000) has occurred while \output is active []

 [10 <./images/casestudy_coffee-eps-converted-to.pdf> <./images/casestudy_coffee_poster-eps-converted-to.pdf>]
Underfull \vbox (badness 10000) has occurred while \output is active []


Underfull \vbox (badness 10000) has occurred while \output is active []


Overfull \vbox (2.32803pt too high) has occurred while \output is active []

 [11 <./images/casestudy_eye-eps-converted-to.pdf>])
Package atveryend Info: Empty hook `BeforeClearDocument' on input line 238.
 [12

]
Package atveryend Info: Empty hook `AfterLastShipout' on input line 238.
 (./arlayout.aux)
Package atveryend Info: Executing hook `AtVeryEndDocument' on input line 238.
Package atveryend Info: Executing hook `AtEndAfterFileList' on input line 238.
Package rerunfilecheck Info: File `arlayout.out' has not changed.
(rerunfilecheck)             Checksum: 6D622A00564EA29EC3CB067550B8A8C6;1797.


LaTeX Warning: There were undefined references.

Package atveryend Info: Empty hook `AtVeryVeryEnd' on input line 238.
 ) 
Here is how much of TeX's memory you used:
 13156 strings out of 480608
 203146 string characters out of 5903630
 528750 words of memory out of 5000000
 28209 multiletter control sequences out of 15000+600000
 590090 words of font info for 362 fonts, out of 8000000 for 9000
 1141 hyphenation exceptions out of 8191
 41i,7n,43p,1288b,457s stack positions out of 5000i,500n,10000p,200000b,80000s
{/usr/local/texlive/2020/texmf-dist/fonts/enc/dvips/base/8r.enc}</usr/local/texlive/2020/texmf-dist/fonts/type1/public/amsfonts/cm/cmmi10.pfb></usr/local/texlive/2020/texmf-dist/fonts/type1/public/amsfonts/cm/cmr10.pfb></usr/local/texlive/2020/texmf-dist/fonts/type1/public/amsfonts/cm/cmsy10.pfb></usr/local/texlive/2020/texmf-dist/fonts/type1/public/txfonts/txtt.pfb></usr/local/texlive/2020/texmf-dist/fonts/type1/urw/helvetic/uhvb8a.pfb></usr/local/texlive/2020/texmf-dist/fonts/type1/urw/helvetic/uhvr8a.pfb></usr/local/texlive/2020/texmf-dist/fonts/type1/urw/helvetic/uhvro8a.pfb></usr/local/texlive/2020/texmf-dist/fonts/type1/urw/symbol/usyr.pfb></usr/local/texlive/2020/texmf-dist/fonts/type1/urw/times/utmb8a.pfb></usr/local/texlive/2020/texmf-dist/fonts/type1/urw/times/utmr8a.pfb></usr/local/texlive/2020/texmf-dist/fonts/type1/urw/times/utmri8a.pfb>
Output written on arlayout.pdf (12 pages, 16055568 bytes).
PDF statistics:
 723 PDF objects out of 1000 (max. 8388607)
 522 compressed objects within 6 object streams
 125 named destinations out of 1000 (max. 500000)
 42271 words of extra memory for PDF output out of 42996 (max. 10000000)

